<?xml version="1.0" encoding="UTF-8"?>
<coverage generated="1699036147904" clover="3.2.0">
  <project timestamp="1699036147904" name="All files">
    <metrics statements="62" coveredstatements="62" conditionals="25" coveredconditionals="23" methods="16" coveredmethods="16" elements="103" coveredelements="101" complexity="0" loc="62" ncloc="62" packages="1" files="1" classes="1"/>
    <file name="LogicLayout.ts" path="C:\Users\thepr\OneDrive\Escritorio\smart-layout\lib\LogicLayout.ts">
      <metrics statements="62" coveredstatements="62" conditionals="25" coveredconditionals="23" methods="16" coveredmethods="16"/>
      <line num="11" count="1" type="stmt"/>
      <line num="13" count="1" type="stmt"/>
      <line num="18" count="2" type="cond" truecount="1" falsecount="0"/>
      <line num="22" count="1" type="stmt"/>
      <line num="25" count="1" type="stmt"/>
      <line num="26" count="1" type="stmt"/>
      <line num="27" count="1" type="stmt"/>
      <line num="28" count="1" type="stmt"/>
      <line num="29" count="10" type="cond" truecount="1" falsecount="0"/>
      <line num="30" count="1" type="stmt"/>
      <line num="32" count="9" type="cond" truecount="1" falsecount="0"/>
      <line num="33" count="1" type="stmt"/>
      <line num="35" count="8" type="stmt"/>
      <line num="37" count="1" type="stmt"/>
      <line num="40" count="1" type="stmt"/>
      <line num="48" count="4" type="stmt"/>
      <line num="49" count="4" type="stmt"/>
      <line num="55" count="4" type="stmt"/>
      <line num="56" count="40" type="cond" truecount="3" falsecount="0"/>
      <line num="57" count="8" type="stmt"/>
      <line num="59" count="40" type="stmt"/>
      <line num="62" count="4" type="stmt"/>
      <line num="63" count="4" type="stmt"/>
      <line num="66" count="1" type="stmt"/>
      <line num="73" count="5" type="stmt"/>
      <line num="79" count="4" type="cond" truecount="4" falsecount="0"/>
      <line num="84" count="4" type="stmt"/>
      <line num="85" count="4" type="stmt"/>
      <line num="86" count="41" type="stmt"/>
      <line num="88" count="4" type="stmt"/>
      <line num="89" count="4" type="stmt"/>
      <line num="92" count="5" type="stmt"/>
      <line num="93" count="16" type="stmt"/>
      <line num="96" count="5" type="stmt"/>
      <line num="97" count="33" type="stmt"/>
      <line num="100" count="5" type="cond" truecount="1" falsecount="0"/>
      <line num="104" count="1" type="stmt"/>
      <line num="107" count="4" type="stmt"/>
      <line num="114" count="4" type="cond" truecount="3" falsecount="1"/>
      <line num="118" count="4" type="cond" truecount="3" falsecount="0"/>
      <line num="119" count="3" type="stmt"/>
      <line num="129" count="1" type="stmt"/>
      <line num="132" count="1" type="stmt"/>
      <line num="133" count="1" type="stmt"/>
      <line num="135" count="11" type="stmt"/>
      <line num="136" count="121" type="stmt"/>
      <line num="139" count="11" type="cond" truecount="1" falsecount="0"/>
      <line num="140" count="1" type="stmt"/>
      <line num="141" count="1" type="stmt"/>
      <line num="144" count="10" type="stmt"/>
      <line num="146" count="11" type="stmt"/>
      <line num="147" count="1" type="stmt"/>
      <line num="150" count="1" type="stmt"/>
      <line num="151" count="1" type="stmt"/>
      <line num="152" count="1" type="stmt"/>
      <line num="153" count="1" type="stmt"/>
      <line num="156" count="1" type="stmt"/>
      <line num="161" count="80" type="stmt"/>
      <line num="169" count="80" type="stmt"/>
      <line num="172" count="1" type="stmt"/>
      <line num="177" count="10" type="stmt"/>
      <line num="183" count="10" type="stmt"/>
    </file>
  </project>
</coverage>
