{"C:\\Users\\thepr\\OneDrive\\Escritorio\\smart-layout\\lib\\LogicLayout.ts": {"path":"C:\\Users\\thepr\\OneDrive\\Escritorio\\smart-layout\\lib\\LogicLayout.ts","statementMap":{"0":{"start":{"line":12,"column":13},"end":{"line":12,"column":32}},"1":{"start":{"line":14,"column":29},"end":{"line":39,"column":1}},"2":{"start":{"line":19,"column":2},"end":{"line":24,"column":null}},"3":{"start":{"line":23,"column":4},"end":{"line":23,"column":18}},"4":{"start":{"line":26,"column":29},"end":{"line":26,"column":51}},"5":{"start":{"line":27,"column":2},"end":{"line":27,"column":46}},"6":{"start":{"line":28,"column":2},"end":{"line":28,"column":49}},"7":{"start":{"line":29,"column":20},"end":{"line":37,"column":4}},"8":{"start":{"line":30,"column":4},"end":{"line":32,"column":null}},"9":{"start":{"line":31,"column":6},"end":{"line":31,"column":29}},"10":{"start":{"line":33,"column":4},"end":{"line":35,"column":null}},"11":{"start":{"line":34,"column":6},"end":{"line":34,"column":21}},"12":{"start":{"line":36,"column":4},"end":{"line":36,"column":25}},"13":{"start":{"line":38,"column":2},"end":{"line":38,"column":19}},"14":{"start":{"line":14,"column":13},"end":{"line":14,"column":29}},"15":{"start":{"line":41,"column":31},"end":{"line":66,"column":1}},"16":{"start":{"line":49,"column":23},"end":{"line":49,"column":43}},"17":{"start":{"line":50,"column":36},"end":{"line":56,"column":4}},"18":{"start":{"line":57,"column":20},"end":{"line":62,"column":4}},"19":{"start":{"line":58,"column":4},"end":{"line":60,"column":null}},"20":{"start":{"line":59,"column":6},"end":{"line":59,"column":32}},"21":{"start":{"line":61,"column":4},"end":{"line":61,"column":13}},"22":{"start":{"line":64,"column":2},"end":{"line":64,"column":56}},"23":{"start":{"line":65,"column":2},"end":{"line":65,"column":19}},"24":{"start":{"line":41,"column":13},"end":{"line":41,"column":31}},"25":{"start":{"line":68,"column":27},"end":{"line":132,"column":1}},"26":{"start":{"line":75,"column":28},"end":{"line":92,"column":3}},"27":{"start":{"line":81,"column":6},"end":{"line":85,"column":12}},"28":{"start":{"line":86,"column":4},"end":{"line":86,"column":48}},"29":{"start":{"line":87,"column":22},"end":{"line":88,"column":null}},"30":{"start":{"line":88,"column":25},"end":{"line":88,"column":56}},"31":{"start":{"line":90,"column":4},"end":{"line":90,"column":70}},"32":{"start":{"line":91,"column":4},"end":{"line":91,"column":21}},"33":{"start":{"line":94,"column":24},"end":{"line":95,"column":null}},"34":{"start":{"line":95,"column":23},"end":{"line":95,"column":62}},"35":{"start":{"line":98,"column":24},"end":{"line":99,"column":null}},"36":{"start":{"line":99,"column":23},"end":{"line":99,"column":68}},"37":{"start":{"line":102,"column":2},"end":{"line":107,"column":null}},"38":{"start":{"line":106,"column":4},"end":{"line":106,"column":18}},"39":{"start":{"line":109,"column":29},"end":{"line":112,"column":null}},"40":{"start":{"line":116,"column":4},"end":{"line":118,"column":18}},"41":{"start":{"line":120,"column":2},"end":{"line":129,"column":null}},"42":{"start":{"line":121,"column":4},"end":{"line":128,"column":6}},"43":{"start":{"line":131,"column":2},"end":{"line":131,"column":28}},"44":{"start":{"line":68,"column":13},"end":{"line":68,"column":27}},"45":{"start":{"line":134,"column":23},"end":{"line":150,"column":1}},"46":{"start":{"line":135,"column":20},"end":{"line":148,"column":21}},"47":{"start":{"line":137,"column":23},"end":{"line":138,"column":null}},"48":{"start":{"line":138,"column":27},"end":{"line":138,"column":64}},"49":{"start":{"line":141,"column":6},"end":{"line":144,"column":null}},"50":{"start":{"line":142,"column":8},"end":{"line":142,"column":48}},"51":{"start":{"line":143,"column":8},"end":{"line":143,"column":20}},"52":{"start":{"line":146,"column":6},"end":{"line":146,"column":21}},"53":{"start":{"line":148,"column":19},"end":{"line":148,"column":20}},"54":{"start":{"line":149,"column":2},"end":{"line":149,"column":36}},"55":{"start":{"line":134,"column":13},"end":{"line":134,"column":23}},"56":{"start":{"line":152,"column":26},"end":{"line":156,"column":1}},"57":{"start":{"line":153,"column":38},"end":{"line":153,"column":67}},"58":{"start":{"line":154,"column":22},"end":{"line":154,"column":51}},"59":{"start":{"line":155,"column":2},"end":{"line":155,"column":46}},"60":{"start":{"line":152,"column":13},"end":{"line":152,"column":26}},"61":{"start":{"line":158,"column":39},"end":{"line":173,"column":1}},"62":{"start":{"line":163,"column":35},"end":{"line":170,"column":4}},"63":{"start":{"line":172,"column":2},"end":{"line":172,"column":19}},"64":{"start":{"line":158,"column":13},"end":{"line":158,"column":39}},"65":{"start":{"line":175,"column":49},"end":{"line":187,"column":1}},"66":{"start":{"line":180,"column":39},"end":{"line":185,"column":4}},"67":{"start":{"line":186,"column":2},"end":{"line":186,"column":19}},"68":{"start":{"line":175,"column":13},"end":{"line":175,"column":49}},"69":{"start":{"line":189,"column":28},"end":{"line":217,"column":1}},"70":{"start":{"line":194,"column":2},"end":{"line":196,"column":null}},"71":{"start":{"line":195,"column":4},"end":{"line":195,"column":40}},"72":{"start":{"line":197,"column":2},"end":{"line":202,"column":null}},"73":{"start":{"line":198,"column":4},"end":{"line":201,"column":6}},"74":{"start":{"line":204,"column":32},"end":{"line":204,"column":34}},"75":{"start":{"line":205,"column":40},"end":{"line":205,"column":42}},"76":{"start":{"line":206,"column":2},"end":{"line":212,"column":5}},"77":{"start":{"line":207,"column":4},"end":{"line":209,"column":null}},"78":{"start":{"line":208,"column":6},"end":{"line":208,"column":13}},"79":{"start":{"line":210,"column":4},"end":{"line":210,"column":60}},"80":{"start":{"line":211,"column":4},"end":{"line":211,"column":69}},"81":{"start":{"line":213,"column":2},"end":{"line":216,"column":4}},"82":{"start":{"line":189,"column":13},"end":{"line":189,"column":28}},"83":{"start":{"line":219,"column":29},"end":{"line":315,"column":1}},"84":{"start":{"line":220,"column":33},"end":{"line":220,"column":35}},"85":{"start":{"line":222,"column":23},"end":{"line":249,"column":3}},"86":{"start":{"line":228,"column":28},"end":{"line":228,"column":68}},"87":{"start":{"line":229,"column":31},"end":{"line":231,"column":17}},"88":{"start":{"line":232,"column":4},"end":{"line":240,"column":null}},"89":{"start":{"line":233,"column":30},"end":{"line":234,"column":null}},"90":{"start":{"line":234,"column":15},"end":{"line":234,"column":63}},"91":{"start":{"line":234,"column":48},"end":{"line":234,"column":62}},"92":{"start":{"line":236,"column":29},"end":{"line":237,"column":null}},"93":{"start":{"line":237,"column":29},"end":{"line":237,"column":57}},"94":{"start":{"line":239,"column":6},"end":{"line":239,"column":28}},"95":{"start":{"line":241,"column":25},"end":{"line":242,"column":null}},"96":{"start":{"line":242,"column":13},"end":{"line":242,"column":58}},"97":{"start":{"line":242,"column":43},"end":{"line":242,"column":57}},"98":{"start":{"line":244,"column":4},"end":{"line":246,"column":null}},"99":{"start":{"line":245,"column":6},"end":{"line":245,"column":20}},"100":{"start":{"line":247,"column":4},"end":{"line":247,"column":30}},"101":{"start":{"line":248,"column":4},"end":{"line":248,"column":18}},"102":{"start":{"line":251,"column":2},"end":{"line":314,"column":4}},"103":{"start":{"line":258,"column":4},"end":{"line":260,"column":null}},"104":{"start":{"line":259,"column":6},"end":{"line":259,"column":20}},"105":{"start":{"line":261,"column":29},"end":{"line":261,"column":54}},"106":{"start":{"line":261,"column":52},"end":{"line":261,"column":53}},"107":{"start":{"line":262,"column":4},"end":{"line":276,"column":null}},"108":{"start":{"line":266,"column":40},"end":{"line":266,"column":50}},"109":{"start":{"line":269,"column":42},"end":{"line":272,"column":8}},"110":{"start":{"line":273,"column":6},"end":{"line":273,"column":68}},"111":{"start":{"line":274,"column":6},"end":{"line":274,"column":43}},"112":{"start":{"line":275,"column":6},"end":{"line":275,"column":33}},"113":{"start":{"line":277,"column":25},"end":{"line":277,"column":55}},"114":{"start":{"line":278,"column":4},"end":{"line":280,"column":null}},"115":{"start":{"line":279,"column":6},"end":{"line":279,"column":20}},"116":{"start":{"line":282,"column":39},"end":{"line":282,"column":63}},"117":{"start":{"line":283,"column":4},"end":{"line":286,"column":null}},"118":{"start":{"line":284,"column":6},"end":{"line":284,"column":40}},"119":{"start":{"line":285,"column":6},"end":{"line":285,"column":20}},"120":{"start":{"line":288,"column":34},"end":{"line":288,"column":79}},"121":{"start":{"line":288,"column":68},"end":{"line":288,"column":78}},"122":{"start":{"line":289,"column":4},"end":{"line":297,"column":null}},"123":{"start":{"line":295,"column":6},"end":{"line":295,"column":40}},"124":{"start":{"line":296,"column":6},"end":{"line":296,"column":20}},"125":{"start":{"line":299,"column":4},"end":{"line":311,"column":null}},"126":{"start":{"line":300,"column":27},"end":{"line":303,"column":null}},"127":{"start":{"line":305,"column":41},"end":{"line":308,"column":8}},"128":{"start":{"line":309,"column":6},"end":{"line":309,"column":67}},"129":{"start":{"line":310,"column":6},"end":{"line":310,"column":26}},"130":{"start":{"line":313,"column":4},"end":{"line":313,"column":31}},"131":{"start":{"line":219,"column":13},"end":{"line":219,"column":29}}},"fnMap":{"0":{"name":"(anonymous_0)","decl":{"start":{"line":14,"column":29},"end":{"line":14,"column":null}},"loc":{"start":{"line":18,"column":4},"end":{"line":39,"column":1}}},"1":{"name":"(anonymous_1)","decl":{"start":{"line":29,"column":31},"end":{"line":29,"column":32}},"loc":{"start":{"line":29,"column":49},"end":{"line":37,"column":3}}},"2":{"name":"(anonymous_2)","decl":{"start":{"line":41,"column":31},"end":{"line":41,"column":null}},"loc":{"start":{"line":48,"column":4},"end":{"line":66,"column":1}}},"3":{"name":"(anonymous_3)","decl":{"start":{"line":57,"column":31},"end":{"line":57,"column":32}},"loc":{"start":{"line":57,"column":37},"end":{"line":62,"column":3}}},"4":{"name":"(anonymous_4)","decl":{"start":{"line":68,"column":27},"end":{"line":68,"column":null}},"loc":{"start":{"line":73,"column":4},"end":{"line":132,"column":1}}},"5":{"name":"(anonymous_5)","decl":{"start":{"line":75,"column":28},"end":{"line":75,"column":null}},"loc":{"start":{"line":79,"column":6},"end":{"line":92,"column":3}}},"6":{"name":"(anonymous_6)","decl":{"start":{"line":88,"column":6},"end":{"line":88,"column":7}},"loc":{"start":{"line":88,"column":25},"end":{"line":88,"column":56}}},"7":{"name":"(anonymous_7)","decl":{"start":{"line":95,"column":4},"end":{"line":95,"column":5}},"loc":{"start":{"line":95,"column":23},"end":{"line":95,"column":62}}},"8":{"name":"(anonymous_8)","decl":{"start":{"line":99,"column":4},"end":{"line":99,"column":5}},"loc":{"start":{"line":99,"column":23},"end":{"line":99,"column":68}}},"9":{"name":"(anonymous_9)","decl":{"start":{"line":134,"column":23},"end":{"line":134,"column":24}},"loc":{"start":{"line":134,"column":64},"end":{"line":150,"column":1}}},"10":{"name":"(anonymous_10)","decl":{"start":{"line":136,"column":9},"end":{"line":136,"column":10}},"loc":{"start":{"line":136,"column":21},"end":{"line":147,"column":5}}},"11":{"name":"(anonymous_11)","decl":{"start":{"line":138,"column":8},"end":{"line":138,"column":9}},"loc":{"start":{"line":138,"column":27},"end":{"line":138,"column":64}}},"12":{"name":"(anonymous_12)","decl":{"start":{"line":148,"column":12},"end":{"line":148,"column":13}},"loc":{"start":{"line":148,"column":19},"end":{"line":148,"column":20}}},"13":{"name":"(anonymous_13)","decl":{"start":{"line":152,"column":26},"end":{"line":152,"column":27}},"loc":{"start":{"line":152,"column":70},"end":{"line":156,"column":1}}},"14":{"name":"(anonymous_14)","decl":{"start":{"line":158,"column":39},"end":{"line":158,"column":null}},"loc":{"start":{"line":162,"column":19},"end":{"line":173,"column":1}}},"15":{"name":"(anonymous_15)","decl":{"start":{"line":175,"column":49},"end":{"line":175,"column":null}},"loc":{"start":{"line":179,"column":23},"end":{"line":187,"column":1}}},"16":{"name":"(anonymous_16)","decl":{"start":{"line":189,"column":28},"end":{"line":189,"column":null}},"loc":{"start":{"line":193,"column":62},"end":{"line":217,"column":1}}},"17":{"name":"(anonymous_17)","decl":{"start":{"line":206,"column":19},"end":{"line":206,"column":20}},"loc":{"start":{"line":206,"column":34},"end":{"line":212,"column":3}}},"18":{"name":"(anonymous_18)","decl":{"start":{"line":219,"column":29},"end":{"line":219,"column":32}},"loc":{"start":{"line":219,"column":34},"end":{"line":315,"column":1}}},"19":{"name":"(anonymous_19)","decl":{"start":{"line":222,"column":23},"end":{"line":222,"column":null}},"loc":{"start":{"line":227,"column":6},"end":{"line":249,"column":3}}},"20":{"name":"(anonymous_20)","decl":{"start":{"line":234,"column":8},"end":{"line":234,"column":9}},"loc":{"start":{"line":234,"column":15},"end":{"line":234,"column":63}}},"21":{"name":"(anonymous_21)","decl":{"start":{"line":234,"column":40},"end":{"line":234,"column":41}},"loc":{"start":{"line":234,"column":48},"end":{"line":234,"column":62}}},"22":{"name":"(anonymous_22)","decl":{"start":{"line":237,"column":22},"end":{"line":237,"column":23}},"loc":{"start":{"line":237,"column":29},"end":{"line":237,"column":57}}},"23":{"name":"(anonymous_23)","decl":{"start":{"line":242,"column":6},"end":{"line":242,"column":7}},"loc":{"start":{"line":242,"column":13},"end":{"line":242,"column":58}}},"24":{"name":"(anonymous_24)","decl":{"start":{"line":242,"column":35},"end":{"line":242,"column":36}},"loc":{"start":{"line":242,"column":43},"end":{"line":242,"column":57}}},"25":{"name":"(anonymous_25)","decl":{"start":{"line":251,"column":9},"end":{"line":251,"column":null}},"loc":{"start":{"line":257,"column":6},"end":{"line":314,"column":3}}},"26":{"name":"(anonymous_26)","decl":{"start":{"line":261,"column":45},"end":{"line":261,"column":46}},"loc":{"start":{"line":261,"column":52},"end":{"line":261,"column":53}}},"27":{"name":"(anonymous_27)","decl":{"start":{"line":266,"column":33},"end":{"line":266,"column":34}},"loc":{"start":{"line":266,"column":40},"end":{"line":266,"column":50}}},"28":{"name":"(anonymous_28)","decl":{"start":{"line":288,"column":61},"end":{"line":288,"column":62}},"loc":{"start":{"line":288,"column":68},"end":{"line":288,"column":78}}}},"branchMap":{"0":{"loc":{"start":{"line":19,"column":2},"end":{"line":24,"column":null}},"type":"if","locations":[{"start":{"line":19,"column":2},"end":{"line":24,"column":null}}]},"1":{"loc":{"start":{"line":20,"column":4},"end":{"line":21,"column":43}},"type":"binary-expr","locations":[{"start":{"line":20,"column":4},"end":{"line":20,"column":43}},{"start":{"line":21,"column":4},"end":{"line":21,"column":43}}]},"2":{"loc":{"start":{"line":30,"column":4},"end":{"line":32,"column":null}},"type":"if","locations":[{"start":{"line":30,"column":4},"end":{"line":32,"column":null}}]},"3":{"loc":{"start":{"line":33,"column":4},"end":{"line":35,"column":null}},"type":"if","locations":[{"start":{"line":33,"column":4},"end":{"line":35,"column":null}}]},"4":{"loc":{"start":{"line":58,"column":4},"end":{"line":60,"column":null}},"type":"if","locations":[{"start":{"line":58,"column":4},"end":{"line":60,"column":null}}]},"5":{"loc":{"start":{"line":58,"column":8},"end":{"line":58,"column":58}},"type":"binary-expr","locations":[{"start":{"line":58,"column":8},"end":{"line":58,"column":27}},{"start":{"line":58,"column":31},"end":{"line":58,"column":58}}]},"6":{"loc":{"start":{"line":81,"column":6},"end":{"line":85,"column":12}},"type":"cond-expr","locations":[{"start":{"line":82,"column":10},"end":{"line":84,"column":13}},{"start":{"line":85,"column":10},"end":{"line":85,"column":12}}]},"7":{"loc":{"start":{"line":81,"column":6},"end":{"line":81,"column":49}},"type":"binary-expr","locations":[{"start":{"line":81,"column":6},"end":{"line":81,"column":26}},{"start":{"line":81,"column":30},"end":{"line":81,"column":49}}]},"8":{"loc":{"start":{"line":82,"column":10},"end":{"line":84,"column":13}},"type":"cond-expr","locations":[{"start":{"line":83,"column":12},"end":{"line":83,"column":14}},{"start":{"line":84,"column":12},"end":{"line":84,"column":13}}]},"9":{"loc":{"start":{"line":102,"column":2},"end":{"line":107,"column":null}},"type":"if","locations":[{"start":{"line":102,"column":2},"end":{"line":107,"column":null}}]},"10":{"loc":{"start":{"line":103,"column":4},"end":{"line":104,"column":43}},"type":"binary-expr","locations":[{"start":{"line":103,"column":4},"end":{"line":103,"column":43}},{"start":{"line":104,"column":4},"end":{"line":104,"column":43}}]},"11":{"loc":{"start":{"line":116,"column":4},"end":{"line":118,"column":18}},"type":"cond-expr","locations":[{"start":{"line":117,"column":8},"end":{"line":117,"column":20}},{"start":{"line":118,"column":8},"end":{"line":118,"column":18}}]},"12":{"loc":{"start":{"line":116,"column":4},"end":{"line":116,"column":61}},"type":"binary-expr","locations":[{"start":{"line":116,"column":4},"end":{"line":116,"column":31}},{"start":{"line":116,"column":35},"end":{"line":116,"column":61}}]},"13":{"loc":{"start":{"line":120,"column":2},"end":{"line":129,"column":null}},"type":"if","locations":[{"start":{"line":120,"column":2},"end":{"line":129,"column":null}}]},"14":{"loc":{"start":{"line":120,"column":6},"end":{"line":120,"column":66}},"type":"binary-expr","locations":[{"start":{"line":120,"column":6},"end":{"line":120,"column":48}},{"start":{"line":120,"column":52},"end":{"line":120,"column":66}}]},"15":{"loc":{"start":{"line":141,"column":6},"end":{"line":144,"column":null}},"type":"if","locations":[{"start":{"line":141,"column":6},"end":{"line":144,"column":null}}]},"16":{"loc":{"start":{"line":141,"column":10},"end":{"line":141,"column":51}},"type":"binary-expr","locations":[{"start":{"line":141,"column":10},"end":{"line":141,"column":30}},{"start":{"line":141,"column":34},"end":{"line":141,"column":51}}]},"17":{"loc":{"start":{"line":194,"column":2},"end":{"line":196,"column":null}},"type":"if","locations":[{"start":{"line":194,"column":2},"end":{"line":196,"column":null}}]},"18":{"loc":{"start":{"line":197,"column":2},"end":{"line":202,"column":null}},"type":"if","locations":[{"start":{"line":197,"column":2},"end":{"line":202,"column":null}}]},"19":{"loc":{"start":{"line":207,"column":4},"end":{"line":209,"column":null}},"type":"if","locations":[{"start":{"line":207,"column":4},"end":{"line":209,"column":null}}]},"20":{"loc":{"start":{"line":228,"column":28},"end":{"line":228,"column":68}},"type":"cond-expr","locations":[{"start":{"line":228,"column":45},"end":{"line":228,"column":59}},{"start":{"line":228,"column":62},"end":{"line":228,"column":68}}]},"21":{"loc":{"start":{"line":229,"column":31},"end":{"line":231,"column":17}},"type":"cond-expr","locations":[{"start":{"line":230,"column":8},"end":{"line":230,"column":25}},{"start":{"line":231,"column":8},"end":{"line":231,"column":17}}]},"22":{"loc":{"start":{"line":232,"column":4},"end":{"line":240,"column":null}},"type":"if","locations":[{"start":{"line":232,"column":4},"end":{"line":240,"column":null}}]},"23":{"loc":{"start":{"line":244,"column":4},"end":{"line":246,"column":null}},"type":"if","locations":[{"start":{"line":244,"column":4},"end":{"line":246,"column":null}}]},"24":{"loc":{"start":{"line":258,"column":4},"end":{"line":260,"column":null}},"type":"if","locations":[{"start":{"line":258,"column":4},"end":{"line":260,"column":null}}]},"25":{"loc":{"start":{"line":258,"column":8},"end":{"line":258,"column":45}},"type":"binary-expr","locations":[{"start":{"line":258,"column":8},"end":{"line":258,"column":17}},{"start":{"line":258,"column":21},"end":{"line":258,"column":45}}]},"26":{"loc":{"start":{"line":262,"column":4},"end":{"line":276,"column":null}},"type":"if","locations":[{"start":{"line":262,"column":4},"end":{"line":276,"column":null}}]},"27":{"loc":{"start":{"line":263,"column":6},"end":{"line":267,"column":31}},"type":"binary-expr","locations":[{"start":{"line":263,"column":6},"end":{"line":263,"column":26}},{"start":{"line":264,"column":6},"end":{"line":264,"column":44}},{"start":{"line":265,"column":6},"end":{"line":265,"column":36}},{"start":{"line":266,"column":6},"end":{"line":267,"column":31}}]},"28":{"loc":{"start":{"line":278,"column":4},"end":{"line":280,"column":null}},"type":"if","locations":[{"start":{"line":278,"column":4},"end":{"line":280,"column":null}}]},"29":{"loc":{"start":{"line":283,"column":4},"end":{"line":286,"column":null}},"type":"if","locations":[{"start":{"line":283,"column":4},"end":{"line":286,"column":null}}]},"30":{"loc":{"start":{"line":289,"column":4},"end":{"line":297,"column":null}},"type":"if","locations":[{"start":{"line":289,"column":4},"end":{"line":297,"column":null}}]},"31":{"loc":{"start":{"line":290,"column":6},"end":{"line":293,"column":55}},"type":"binary-expr","locations":[{"start":{"line":290,"column":6},"end":{"line":290,"column":28}},{"start":{"line":291,"column":6},"end":{"line":291,"column":36}},{"start":{"line":292,"column":6},"end":{"line":292,"column":19}},{"start":{"line":293,"column":6},"end":{"line":293,"column":55}}]},"32":{"loc":{"start":{"line":299,"column":4},"end":{"line":311,"column":null}},"type":"if","locations":[{"start":{"line":299,"column":4},"end":{"line":311,"column":null}}]}},"s":{"0":1,"1":1,"2":2,"3":1,"4":1,"5":1,"6":1,"7":1,"8":10,"9":1,"10":9,"11":1,"12":8,"13":1,"14":1,"15":1,"16":4,"17":4,"18":4,"19":40,"20":8,"21":40,"22":4,"23":4,"24":1,"25":1,"26":5,"27":4,"28":4,"29":4,"30":41,"31":4,"32":4,"33":5,"34":23,"35":5,"36":35,"37":5,"38":1,"39":4,"40":4,"41":4,"42":3,"43":1,"44":1,"45":1,"46":1,"47":11,"48":121,"49":11,"50":1,"51":1,"52":10,"53":11,"54":1,"55":1,"56":1,"57":1,"58":1,"59":1,"60":1,"61":1,"62":80,"63":80,"64":1,"65":1,"66":10,"67":10,"68":1,"69":1,"70":0,"71":0,"72":0,"73":0,"74":0,"75":0,"76":0,"77":0,"78":0,"79":0,"80":0,"81":0,"82":1,"83":1,"84":0,"85":0,"86":0,"87":0,"88":0,"89":0,"90":0,"91":0,"92":0,"93":0,"94":0,"95":0,"96":0,"97":0,"98":0,"99":0,"100":0,"101":0,"102":0,"103":0,"104":0,"105":0,"106":0,"107":0,"108":0,"109":0,"110":0,"111":0,"112":0,"113":0,"114":0,"115":0,"116":0,"117":0,"118":0,"119":0,"120":0,"121":0,"122":0,"123":0,"124":0,"125":0,"126":0,"127":0,"128":0,"129":0,"130":0,"131":1},"f":{"0":2,"1":10,"2":4,"3":40,"4":5,"5":4,"6":41,"7":23,"8":35,"9":1,"10":11,"11":121,"12":11,"13":1,"14":80,"15":10,"16":0,"17":0,"18":0,"19":0,"20":0,"21":0,"22":0,"23":0,"24":0,"25":0,"26":0,"27":0,"28":0},"b":{"0":[1],"1":[2,1],"2":[1],"3":[1],"4":[8],"5":[40,36],"6":[2,2],"7":[4,4],"8":[2,0],"9":[1],"10":[5,4],"11":[0,4],"12":[4,4],"13":[3],"14":[4,1],"15":[1],"16":[11,11],"17":[0],"18":[0],"19":[0],"20":[0,0],"21":[0,0],"22":[0],"23":[0],"24":[0],"25":[0,0],"26":[0],"27":[0,0,0,0],"28":[0],"29":[0],"30":[0],"31":[0,0,0,0],"32":[0]}}
}
