{"C:\\Users\\thepr\\OneDrive\\Escritorio\\smart-layout\\lib\\LogicLayout.ts": {"path":"C:\\Users\\thepr\\OneDrive\\Escritorio\\smart-layout\\lib\\LogicLayout.ts","statementMap":{"0":{"start":{"line":11,"column":13},"end":{"line":11,"column":32}},"1":{"start":{"line":13,"column":29},"end":{"line":38,"column":1}},"2":{"start":{"line":18,"column":2},"end":{"line":23,"column":null}},"3":{"start":{"line":22,"column":4},"end":{"line":22,"column":18}},"4":{"start":{"line":25,"column":29},"end":{"line":25,"column":51}},"5":{"start":{"line":26,"column":2},"end":{"line":26,"column":46}},"6":{"start":{"line":27,"column":2},"end":{"line":27,"column":49}},"7":{"start":{"line":28,"column":20},"end":{"line":36,"column":4}},"8":{"start":{"line":29,"column":4},"end":{"line":31,"column":null}},"9":{"start":{"line":30,"column":6},"end":{"line":30,"column":29}},"10":{"start":{"line":32,"column":4},"end":{"line":34,"column":null}},"11":{"start":{"line":33,"column":6},"end":{"line":33,"column":21}},"12":{"start":{"line":35,"column":4},"end":{"line":35,"column":25}},"13":{"start":{"line":37,"column":2},"end":{"line":37,"column":19}},"14":{"start":{"line":13,"column":13},"end":{"line":13,"column":29}},"15":{"start":{"line":40,"column":31},"end":{"line":64,"column":1}},"16":{"start":{"line":48,"column":23},"end":{"line":48,"column":43}},"17":{"start":{"line":49,"column":36},"end":{"line":54,"column":4}},"18":{"start":{"line":55,"column":20},"end":{"line":60,"column":4}},"19":{"start":{"line":56,"column":4},"end":{"line":58,"column":null}},"20":{"start":{"line":57,"column":6},"end":{"line":57,"column":32}},"21":{"start":{"line":59,"column":4},"end":{"line":59,"column":13}},"22":{"start":{"line":62,"column":2},"end":{"line":62,"column":56}},"23":{"start":{"line":63,"column":2},"end":{"line":63,"column":19}},"24":{"start":{"line":40,"column":13},"end":{"line":40,"column":31}},"25":{"start":{"line":66,"column":27},"end":{"line":130,"column":1}},"26":{"start":{"line":73,"column":28},"end":{"line":90,"column":3}},"27":{"start":{"line":79,"column":6},"end":{"line":83,"column":12}},"28":{"start":{"line":84,"column":4},"end":{"line":84,"column":48}},"29":{"start":{"line":85,"column":22},"end":{"line":86,"column":null}},"30":{"start":{"line":86,"column":25},"end":{"line":86,"column":56}},"31":{"start":{"line":88,"column":4},"end":{"line":88,"column":70}},"32":{"start":{"line":89,"column":4},"end":{"line":89,"column":21}},"33":{"start":{"line":92,"column":24},"end":{"line":93,"column":null}},"34":{"start":{"line":93,"column":23},"end":{"line":93,"column":62}},"35":{"start":{"line":96,"column":24},"end":{"line":97,"column":null}},"36":{"start":{"line":97,"column":23},"end":{"line":97,"column":68}},"37":{"start":{"line":100,"column":2},"end":{"line":105,"column":null}},"38":{"start":{"line":104,"column":4},"end":{"line":104,"column":18}},"39":{"start":{"line":107,"column":29},"end":{"line":110,"column":null}},"40":{"start":{"line":114,"column":4},"end":{"line":116,"column":18}},"41":{"start":{"line":118,"column":2},"end":{"line":127,"column":null}},"42":{"start":{"line":119,"column":4},"end":{"line":126,"column":6}},"43":{"start":{"line":129,"column":2},"end":{"line":129,"column":28}},"44":{"start":{"line":66,"column":13},"end":{"line":66,"column":27}},"45":{"start":{"line":132,"column":23},"end":{"line":148,"column":1}},"46":{"start":{"line":133,"column":20},"end":{"line":146,"column":21}},"47":{"start":{"line":135,"column":23},"end":{"line":136,"column":null}},"48":{"start":{"line":136,"column":27},"end":{"line":136,"column":64}},"49":{"start":{"line":139,"column":6},"end":{"line":142,"column":null}},"50":{"start":{"line":140,"column":8},"end":{"line":140,"column":48}},"51":{"start":{"line":141,"column":8},"end":{"line":141,"column":20}},"52":{"start":{"line":144,"column":6},"end":{"line":144,"column":21}},"53":{"start":{"line":146,"column":19},"end":{"line":146,"column":20}},"54":{"start":{"line":147,"column":2},"end":{"line":147,"column":36}},"55":{"start":{"line":132,"column":13},"end":{"line":132,"column":23}},"56":{"start":{"line":150,"column":26},"end":{"line":154,"column":1}},"57":{"start":{"line":151,"column":38},"end":{"line":151,"column":67}},"58":{"start":{"line":152,"column":22},"end":{"line":152,"column":51}},"59":{"start":{"line":153,"column":2},"end":{"line":153,"column":46}},"60":{"start":{"line":150,"column":13},"end":{"line":150,"column":26}},"61":{"start":{"line":156,"column":39},"end":{"line":170,"column":1}},"62":{"start":{"line":161,"column":35},"end":{"line":167,"column":4}},"63":{"start":{"line":169,"column":2},"end":{"line":169,"column":19}},"64":{"start":{"line":156,"column":13},"end":{"line":156,"column":39}},"65":{"start":{"line":172,"column":49},"end":{"line":184,"column":1}},"66":{"start":{"line":177,"column":39},"end":{"line":182,"column":4}},"67":{"start":{"line":183,"column":2},"end":{"line":183,"column":19}},"68":{"start":{"line":172,"column":13},"end":{"line":172,"column":49}}},"fnMap":{"0":{"name":"(anonymous_0)","decl":{"start":{"line":13,"column":29},"end":{"line":13,"column":null}},"loc":{"start":{"line":17,"column":4},"end":{"line":38,"column":1}}},"1":{"name":"(anonymous_1)","decl":{"start":{"line":28,"column":31},"end":{"line":28,"column":32}},"loc":{"start":{"line":28,"column":49},"end":{"line":36,"column":3}}},"2":{"name":"(anonymous_2)","decl":{"start":{"line":40,"column":31},"end":{"line":40,"column":null}},"loc":{"start":{"line":47,"column":4},"end":{"line":64,"column":1}}},"3":{"name":"(anonymous_3)","decl":{"start":{"line":55,"column":31},"end":{"line":55,"column":32}},"loc":{"start":{"line":55,"column":37},"end":{"line":60,"column":3}}},"4":{"name":"(anonymous_4)","decl":{"start":{"line":66,"column":27},"end":{"line":66,"column":null}},"loc":{"start":{"line":71,"column":4},"end":{"line":130,"column":1}}},"5":{"name":"(anonymous_5)","decl":{"start":{"line":73,"column":28},"end":{"line":73,"column":null}},"loc":{"start":{"line":77,"column":6},"end":{"line":90,"column":3}}},"6":{"name":"(anonymous_6)","decl":{"start":{"line":86,"column":6},"end":{"line":86,"column":7}},"loc":{"start":{"line":86,"column":25},"end":{"line":86,"column":56}}},"7":{"name":"(anonymous_7)","decl":{"start":{"line":93,"column":4},"end":{"line":93,"column":5}},"loc":{"start":{"line":93,"column":23},"end":{"line":93,"column":62}}},"8":{"name":"(anonymous_8)","decl":{"start":{"line":97,"column":4},"end":{"line":97,"column":5}},"loc":{"start":{"line":97,"column":23},"end":{"line":97,"column":68}}},"9":{"name":"(anonymous_9)","decl":{"start":{"line":132,"column":23},"end":{"line":132,"column":24}},"loc":{"start":{"line":132,"column":64},"end":{"line":148,"column":1}}},"10":{"name":"(anonymous_10)","decl":{"start":{"line":134,"column":9},"end":{"line":134,"column":10}},"loc":{"start":{"line":134,"column":21},"end":{"line":145,"column":5}}},"11":{"name":"(anonymous_11)","decl":{"start":{"line":136,"column":8},"end":{"line":136,"column":9}},"loc":{"start":{"line":136,"column":27},"end":{"line":136,"column":64}}},"12":{"name":"(anonymous_12)","decl":{"start":{"line":146,"column":12},"end":{"line":146,"column":13}},"loc":{"start":{"line":146,"column":19},"end":{"line":146,"column":20}}},"13":{"name":"(anonymous_13)","decl":{"start":{"line":150,"column":26},"end":{"line":150,"column":27}},"loc":{"start":{"line":150,"column":70},"end":{"line":154,"column":1}}},"14":{"name":"(anonymous_14)","decl":{"start":{"line":156,"column":39},"end":{"line":156,"column":null}},"loc":{"start":{"line":160,"column":19},"end":{"line":170,"column":1}}},"15":{"name":"(anonymous_15)","decl":{"start":{"line":172,"column":49},"end":{"line":172,"column":null}},"loc":{"start":{"line":176,"column":23},"end":{"line":184,"column":1}}}},"branchMap":{"0":{"loc":{"start":{"line":18,"column":2},"end":{"line":23,"column":null}},"type":"if","locations":[{"start":{"line":18,"column":2},"end":{"line":23,"column":null}}]},"1":{"loc":{"start":{"line":19,"column":4},"end":{"line":20,"column":43}},"type":"binary-expr","locations":[{"start":{"line":19,"column":4},"end":{"line":19,"column":43}},{"start":{"line":20,"column":4},"end":{"line":20,"column":43}}]},"2":{"loc":{"start":{"line":29,"column":4},"end":{"line":31,"column":null}},"type":"if","locations":[{"start":{"line":29,"column":4},"end":{"line":31,"column":null}}]},"3":{"loc":{"start":{"line":32,"column":4},"end":{"line":34,"column":null}},"type":"if","locations":[{"start":{"line":32,"column":4},"end":{"line":34,"column":null}}]},"4":{"loc":{"start":{"line":56,"column":4},"end":{"line":58,"column":null}},"type":"if","locations":[{"start":{"line":56,"column":4},"end":{"line":58,"column":null}}]},"5":{"loc":{"start":{"line":56,"column":8},"end":{"line":56,"column":58}},"type":"binary-expr","locations":[{"start":{"line":56,"column":8},"end":{"line":56,"column":27}},{"start":{"line":56,"column":31},"end":{"line":56,"column":58}}]},"6":{"loc":{"start":{"line":79,"column":6},"end":{"line":83,"column":12}},"type":"cond-expr","locations":[{"start":{"line":80,"column":10},"end":{"line":82,"column":13}},{"start":{"line":83,"column":10},"end":{"line":83,"column":12}}]},"7":{"loc":{"start":{"line":79,"column":6},"end":{"line":79,"column":49}},"type":"binary-expr","locations":[{"start":{"line":79,"column":6},"end":{"line":79,"column":26}},{"start":{"line":79,"column":30},"end":{"line":79,"column":49}}]},"8":{"loc":{"start":{"line":80,"column":10},"end":{"line":82,"column":13}},"type":"cond-expr","locations":[{"start":{"line":81,"column":12},"end":{"line":81,"column":14}},{"start":{"line":82,"column":12},"end":{"line":82,"column":13}}]},"9":{"loc":{"start":{"line":100,"column":2},"end":{"line":105,"column":null}},"type":"if","locations":[{"start":{"line":100,"column":2},"end":{"line":105,"column":null}}]},"10":{"loc":{"start":{"line":101,"column":4},"end":{"line":102,"column":43}},"type":"binary-expr","locations":[{"start":{"line":101,"column":4},"end":{"line":101,"column":43}},{"start":{"line":102,"column":4},"end":{"line":102,"column":43}}]},"11":{"loc":{"start":{"line":114,"column":4},"end":{"line":116,"column":18}},"type":"cond-expr","locations":[{"start":{"line":115,"column":8},"end":{"line":115,"column":20}},{"start":{"line":116,"column":8},"end":{"line":116,"column":18}}]},"12":{"loc":{"start":{"line":114,"column":4},"end":{"line":114,"column":61}},"type":"binary-expr","locations":[{"start":{"line":114,"column":4},"end":{"line":114,"column":31}},{"start":{"line":114,"column":35},"end":{"line":114,"column":61}}]},"13":{"loc":{"start":{"line":118,"column":2},"end":{"line":127,"column":null}},"type":"if","locations":[{"start":{"line":118,"column":2},"end":{"line":127,"column":null}}]},"14":{"loc":{"start":{"line":118,"column":6},"end":{"line":118,"column":66}},"type":"binary-expr","locations":[{"start":{"line":118,"column":6},"end":{"line":118,"column":48}},{"start":{"line":118,"column":52},"end":{"line":118,"column":66}}]},"15":{"loc":{"start":{"line":139,"column":6},"end":{"line":142,"column":null}},"type":"if","locations":[{"start":{"line":139,"column":6},"end":{"line":142,"column":null}}]}},"s":{"0":1,"1":1,"2":2,"3":1,"4":1,"5":1,"6":1,"7":1,"8":10,"9":1,"10":9,"11":1,"12":8,"13":1,"14":1,"15":1,"16":4,"17":4,"18":4,"19":40,"20":8,"21":40,"22":4,"23":4,"24":1,"25":1,"26":5,"27":4,"28":4,"29":4,"30":41,"31":4,"32":4,"33":5,"34":36,"35":5,"36":38,"37":5,"38":1,"39":4,"40":4,"41":4,"42":3,"43":1,"44":1,"45":1,"46":1,"47":11,"48":121,"49":11,"50":1,"51":1,"52":10,"53":11,"54":1,"55":1,"56":1,"57":1,"58":1,"59":1,"60":1,"61":1,"62":80,"63":80,"64":1,"65":1,"66":10,"67":10,"68":1},"f":{"0":2,"1":10,"2":4,"3":40,"4":5,"5":4,"6":41,"7":36,"8":38,"9":1,"10":11,"11":121,"12":11,"13":1,"14":80,"15":10},"b":{"0":[1],"1":[2,1],"2":[1],"3":[1],"4":[8],"5":[40,36],"6":[3,1],"7":[4,4],"8":[3,0],"9":[1],"10":[5,4],"11":[0,4],"12":[4,4],"13":[3],"14":[4,1],"15":[1]}}
}
