TN:
SF:lib\LogicLayout.ts
FN:14,(anonymous_0)
FN:29,(anonymous_1)
FN:41,(anonymous_2)
FN:57,(anonymous_3)
FN:68,(anonymous_4)
FN:75,(anonymous_5)
FN:88,(anonymous_6)
FN:95,(anonymous_7)
FN:99,(anonymous_8)
FN:134,(anonymous_9)
FN:136,(anonymous_10)
FN:138,(anonymous_11)
FN:148,(anonymous_12)
FN:152,(anonymous_13)
FN:158,(anonymous_14)
FN:175,(anonymous_15)
FN:189,(anonymous_16)
FN:206,(anonymous_17)
FN:219,(anonymous_18)
FN:222,(anonymous_19)
FN:234,(anonymous_20)
FN:234,(anonymous_21)
FN:237,(anonymous_22)
FN:242,(anonymous_23)
FN:242,(anonymous_24)
FN:251,(anonymous_25)
FN:261,(anonymous_26)
FN:266,(anonymous_27)
FN:288,(anonymous_28)
FNF:29
FNH:16
FNDA:2,(anonymous_0)
FNDA:10,(anonymous_1)
FNDA:4,(anonymous_2)
FNDA:40,(anonymous_3)
FNDA:5,(anonymous_4)
FNDA:4,(anonymous_5)
FNDA:41,(anonymous_6)
FNDA:23,(anonymous_7)
FNDA:35,(anonymous_8)
FNDA:1,(anonymous_9)
FNDA:11,(anonymous_10)
FNDA:121,(anonymous_11)
FNDA:11,(anonymous_12)
FNDA:1,(anonymous_13)
FNDA:80,(anonymous_14)
FNDA:10,(anonymous_15)
FNDA:0,(anonymous_16)
FNDA:0,(anonymous_17)
FNDA:0,(anonymous_18)
FNDA:0,(anonymous_19)
FNDA:0,(anonymous_20)
FNDA:0,(anonymous_21)
FNDA:0,(anonymous_22)
FNDA:0,(anonymous_23)
FNDA:0,(anonymous_24)
FNDA:0,(anonymous_25)
FNDA:0,(anonymous_26)
FNDA:0,(anonymous_27)
FNDA:0,(anonymous_28)
DA:12,1
DA:14,1
DA:19,2
DA:23,1
DA:26,1
DA:27,1
DA:28,1
DA:29,1
DA:30,10
DA:31,1
DA:33,9
DA:34,1
DA:36,8
DA:38,1
DA:41,1
DA:49,4
DA:50,4
DA:57,4
DA:58,40
DA:59,8
DA:61,40
DA:64,4
DA:65,4
DA:68,1
DA:75,5
DA:81,4
DA:86,4
DA:87,4
DA:88,41
DA:90,4
DA:91,4
DA:94,5
DA:95,23
DA:98,5
DA:99,35
DA:102,5
DA:106,1
DA:109,4
DA:116,4
DA:120,4
DA:121,3
DA:131,1
DA:134,1
DA:135,1
DA:137,11
DA:138,121
DA:141,11
DA:142,1
DA:143,1
DA:146,10
DA:148,11
DA:149,1
DA:152,1
DA:153,1
DA:154,1
DA:155,1
DA:158,1
DA:163,80
DA:172,80
DA:175,1
DA:180,10
DA:186,10
DA:189,1
DA:194,0
DA:195,0
DA:197,0
DA:198,0
DA:204,0
DA:205,0
DA:206,0
DA:207,0
DA:208,0
DA:210,0
DA:211,0
DA:213,0
DA:219,1
DA:220,0
DA:222,0
DA:228,0
DA:229,0
DA:232,0
DA:233,0
DA:234,0
DA:236,0
DA:237,0
DA:239,0
DA:241,0
DA:242,0
DA:244,0
DA:245,0
DA:247,0
DA:248,0
DA:251,0
DA:258,0
DA:259,0
DA:261,0
DA:262,0
DA:266,0
DA:269,0
DA:273,0
DA:274,0
DA:275,0
DA:277,0
DA:278,0
DA:279,0
DA:282,0
DA:283,0
DA:284,0
DA:285,0
DA:288,0
DA:289,0
DA:295,0
DA:296,0
DA:299,0
DA:300,0
DA:305,0
DA:309,0
DA:310,0
DA:313,0
LF:119
LH:64
BRDA:19,0,0,1
BRDA:20,1,0,2
BRDA:20,1,1,1
BRDA:30,2,0,1
BRDA:33,3,0,1
BRDA:58,4,0,8
BRDA:58,5,0,40
BRDA:58,5,1,36
BRDA:81,6,0,2
BRDA:81,6,1,2
BRDA:81,7,0,4
BRDA:81,7,1,4
BRDA:82,8,0,2
BRDA:82,8,1,0
BRDA:102,9,0,1
BRDA:103,10,0,5
BRDA:103,10,1,4
BRDA:116,11,0,0
BRDA:116,11,1,4
BRDA:116,12,0,4
BRDA:116,12,1,4
BRDA:120,13,0,3
BRDA:120,14,0,4
BRDA:120,14,1,1
BRDA:141,15,0,1
BRDA:141,16,0,11
BRDA:141,16,1,11
BRDA:194,17,0,0
BRDA:197,18,0,0
BRDA:207,19,0,0
BRDA:228,20,0,0
BRDA:228,20,1,0
BRDA:229,21,0,0
BRDA:229,21,1,0
BRDA:232,22,0,0
BRDA:244,23,0,0
BRDA:258,24,0,0
BRDA:258,25,0,0
BRDA:258,25,1,0
BRDA:262,26,0,0
BRDA:263,27,0,0
BRDA:263,27,1,0
BRDA:263,27,2,0
BRDA:263,27,3,0
BRDA:278,28,0,0
BRDA:283,29,0,0
BRDA:289,30,0,0
BRDA:290,31,0,0
BRDA:290,31,1,0
BRDA:290,31,2,0
BRDA:290,31,3,0
BRDA:299,32,0,0
BRF:52
BRH:25
end_of_record
